
  You can now view your Streamlit app in your browser.

  URL: http://127.0.0.1:58263

  For better performance, install the Watchdog module:

  $ xcode-select --install
  $ pip install watchdog
            
2026-01-19 00:45:55.330 Please replace `use_container_width` with `width`.

`use_container_width` will be removed after 2025-12-31.

For `use_container_width=True`, use `width='stretch'`. For `use_container_width=False`, use `width='content'`.
  Stopping...
  Stopping...

  You can now view your Streamlit app in your browser.

  URL: http://127.0.0.1:58275

  For better performance, install the Watchdog module:

  $ xcode-select --install
  $ pip install watchdog
            
2026-01-19 00:46:23.158 Please replace `use_container_width` with `width`.

`use_container_width` will be removed after 2025-12-31.

For `use_container_width=True`, use `width='stretch'`. For `use_container_width=False`, use `width='content'`.
  Stopping...
  Stopping...

  You can now view your Streamlit app in your browser.

  URL: http://127.0.0.1:58284

  For better performance, install the Watchdog module:

  $ xcode-select --install
  $ pip install watchdog
            
2026-01-19 00:47:18.456 Please replace `use_container_width` with `width`.

`use_container_width` will be removed after 2025-12-31.

For `use_container_width=True`, use `width='stretch'`. For `use_container_width=False`, use `width='content'`.
  Stopping...
  Stopping...

  You can now view your Streamlit app in your browser.

  URL: http://127.0.0.1:58292

  For better performance, install the Watchdog module:

  $ xcode-select --install
  $ pip install watchdog
            
2026-01-19 00:47:47.158 Please replace `use_container_width` with `width`.

`use_container_width` will be removed after 2025-12-31.

For `use_container_width=True`, use `width='stretch'`. For `use_container_width=False`, use `width='content'`.
  Stopping...
  Stopping...

  You can now view your Streamlit app in your browser.

  URL: http://127.0.0.1:58303

  For better performance, install the Watchdog module:

  $ xcode-select --install
  $ pip install watchdog
            
2026-01-19 00:51:22.450 Please replace `use_container_width` with `width`.

`use_container_width` will be removed after 2025-12-31.

For `use_container_width=True`, use `width='stretch'`. For `use_container_width=False`, use `width='content'`.
  Stopping...
  Stopping...

  You can now view your Streamlit app in your browser.

  URL: http://127.0.0.1:58311

  For better performance, install the Watchdog module:

  $ xcode-select --install
  $ pip install watchdog
            
2026-01-19 00:54:10.952 Please replace `use_container_width` with `width`.

`use_container_width` will be removed after 2025-12-31.

For `use_container_width=True`, use `width='stretch'`. For `use_container_width=False`, use `width='content'`.
  Stopping...
  Stopping...

  You can now view your Streamlit app in your browser.

  URL: http://127.0.0.1:58322

  For better performance, install the Watchdog module:

  $ xcode-select --install
  $ pip install watchdog
            
2026-01-19 00:57:03.729 Please replace `use_container_width` with `width`.

`use_container_width` will be removed after 2025-12-31.

For `use_container_width=True`, use `width='stretch'`. For `use_container_width=False`, use `width='content'`.
  Stopping...
  Stopping...

  You can now view your Streamlit app in your browser.

  URL: http://127.0.0.1:58368

  For better performance, install the Watchdog module:

  $ xcode-select --install
  $ pip install watchdog
            
2026-01-19 01:22:33.542 Please replace `use_container_width` with `width`.

`use_container_width` will be removed after 2025-12-31.

For `use_container_width=True`, use `width='stretch'`. For `use_container_width=False`, use `width='content'`.
  Stopping...
  Stopping...

  You can now view your Streamlit app in your browser.

  URL: http://127.0.0.1:58382

  For better performance, install the Watchdog module:

  $ xcode-select --install
  $ pip install watchdog
            
2026-01-19 01:27:07.311 Please replace `use_container_width` with `width`.

`use_container_width` will be removed after 2025-12-31.

For `use_container_width=True`, use `width='stretch'`. For `use_container_width=False`, use `width='content'`.
  Stopping...
  Stopping...

  You can now view your Streamlit app in your browser.

  URL: http://127.0.0.1:58402

  For better performance, install the Watchdog module:

  $ xcode-select --install
  $ pip install watchdog
            
2026-01-19 01:38:32.201 Please replace `use_container_width` with `width`.

`use_container_width` will be removed after 2025-12-31.

For `use_container_width=True`, use `width='stretch'`. For `use_container_width=False`, use `width='content'`.
  Stopping...
  Stopping...

  You can now view your Streamlit app in your browser.

  URL: http://127.0.0.1:58411

  For better performance, install the Watchdog module:

  $ xcode-select --install
  $ pip install watchdog
            
2026-01-19 01:39:21.623 Please replace `use_container_width` with `width`.

`use_container_width` will be removed after 2025-12-31.

For `use_container_width=True`, use `width='stretch'`. For `use_container_width=False`, use `width='content'`.

  You can now view your Streamlit app in your browser.

  URL: http://127.0.0.1:58429

  For better performance, install the Watchdog module:

  $ xcode-select --install
  $ pip install watchdog
            
2026-01-19 01:44:03.856 Please replace `use_container_width` with `width`.

`use_container_width` will be removed after 2025-12-31.

For `use_container_width=True`, use `width='stretch'`. For `use_container_width=False`, use `width='content'`.
  Stopping...
  Stopping...

  You can now view your Streamlit app in your browser.

  URL: http://127.0.0.1:58442

  For better performance, install the Watchdog module:

  $ xcode-select --install
  $ pip install watchdog
            
2026-01-19 01:48:22.673 Please replace `use_container_width` with `width`.

`use_container_width` will be removed after 2025-12-31.

For `use_container_width=True`, use `width='stretch'`. For `use_container_width=False`, use `width='content'`.
  Stopping...
  Stopping...
  Stopping...
  Stopping...

  You can now view your Streamlit app in your browser.

  URL: http://127.0.0.1:58468

  For better performance, install the Watchdog module:

  $ xcode-select --install
  $ pip install watchdog
            
2026-01-19 01:49:27.480 Please replace `use_container_width` with `width`.

`use_container_width` will be removed after 2025-12-31.

For `use_container_width=True`, use `width='stretch'`. For `use_container_width=False`, use `width='content'`.
2026-01-19 01:49:57.097 Please replace `use_container_width` with `width`.

`use_container_width` will be removed after 2025-12-31.

For `use_container_width=True`, use `width='stretch'`. For `use_container_width=False`, use `width='content'`.
2026-01-19 01:51:49.356 Please replace `use_container_width` with `width`.

`use_container_width` will be removed after 2025-12-31.

For `use_container_width=True`, use `width='stretch'`. For `use_container_width=False`, use `width='content'`.
2026-01-19 01:51:57.226 Please replace `use_container_width` with `width`.

`use_container_width` will be removed after 2025-12-31.

For `use_container_width=True`, use `width='stretch'`. For `use_container_width=False`, use `width='content'`.
2026-01-19 01:51:59.838 Please replace `use_container_width` with `width`.

`use_container_width` will be removed after 2025-12-31.

For `use_container_width=True`, use `width='stretch'`. For `use_container_width=False`, use `width='content'`.
2026-01-19 01:52:02.916 Please replace `use_container_width` with `width`.

`use_container_width` will be removed after 2025-12-31.

For `use_container_width=True`, use `width='stretch'`. For `use_container_width=False`, use `width='content'`.
2026-01-19 01:52:38.950 Please replace `use_container_width` with `width`.

`use_container_width` will be removed after 2025-12-31.

For `use_container_width=True`, use `width='stretch'`. For `use_container_width=False`, use `width='content'`.
2026-01-19 01:52:49.965 Please replace `use_container_width` with `width`.

`use_container_width` will be removed after 2025-12-31.

For `use_container_width=True`, use `width='stretch'`. For `use_container_width=False`, use `width='content'`.
2026-01-19 01:54:16.372 Please replace `use_container_width` with `width`.

`use_container_width` will be removed after 2025-12-31.

For `use_container_width=True`, use `width='stretch'`. For `use_container_width=False`, use `width='content'`.
  Stopping...
  Stopping...

  You can now view your Streamlit app in your browser.

  URL: http://127.0.0.1:58494

  For better performance, install the Watchdog module:

  $ xcode-select --install
  $ pip install watchdog
            
2026-01-19 01:58:27.658 Please replace `use_container_width` with `width`.

`use_container_width` will be removed after 2025-12-31.

For `use_container_width=True`, use `width='stretch'`. For `use_container_width=False`, use `width='content'`.
2026-01-19 01:59:28.532 Please replace `use_container_width` with `width`.

`use_container_width` will be removed after 2025-12-31.

For `use_container_width=True`, use `width='stretch'`. For `use_container_width=False`, use `width='content'`.
2026-01-19 01:59:43.295 Please replace `use_container_width` with `width`.

`use_container_width` will be removed after 2025-12-31.

For `use_container_width=True`, use `width='stretch'`. For `use_container_width=False`, use `width='content'`.
2026-01-19 02:00:05.730 Please replace `use_container_width` with `width`.

`use_container_width` will be removed after 2025-12-31.

For `use_container_width=True`, use `width='stretch'`. For `use_container_width=False`, use `width='content'`.
2026-01-19 02:00:08.635 Please replace `use_container_width` with `width`.

`use_container_width` will be removed after 2025-12-31.

For `use_container_width=True`, use `width='stretch'`. For `use_container_width=False`, use `width='content'`.
2026-01-19 02:00:11.622 Please replace `use_container_width` with `width`.

`use_container_width` will be removed after 2025-12-31.

For `use_container_width=True`, use `width='stretch'`. For `use_container_width=False`, use `width='content'`.
2026-01-19 02:00:13.994 Please replace `use_container_width` with `width`.

`use_container_width` will be removed after 2025-12-31.

For `use_container_width=True`, use `width='stretch'`. For `use_container_width=False`, use `width='content'`.
2026-01-19 02:00:16.864 Please replace `use_container_width` with `width`.

`use_container_width` will be removed after 2025-12-31.

For `use_container_width=True`, use `width='stretch'`. For `use_container_width=False`, use `width='content'`.
  Stopping...
  Stopping...

  You can now view your Streamlit app in your browser.

  URL: http://127.0.0.1:58539

  For better performance, install the Watchdog module:

  $ xcode-select --install
  $ pip install watchdog
            
2026-01-19 02:00:47.559 Please replace `use_container_width` with `width`.

`use_container_width` will be removed after 2025-12-31.

For `use_container_width=True`, use `width='stretch'`. For `use_container_width=False`, use `width='content'`.

  You can now view your Streamlit app in your browser.

  URL: http://127.0.0.1:58554

  For better performance, install the Watchdog module:

  $ xcode-select --install
  $ pip install watchdog
            
2026-01-19 02:01:31.168 Please replace `use_container_width` with `width`.

`use_container_width` will be removed after 2025-12-31.

For `use_container_width=True`, use `width='stretch'`. For `use_container_width=False`, use `width='content'`.
  Stopping...
  Stopping...
  Stopping...
  Stopping...

  You can now view your Streamlit app in your browser.

  URL: http://127.0.0.1:58562

  For better performance, install the Watchdog module:

  $ xcode-select --install
  $ pip install watchdog
            
2026-01-19 02:02:19.990 Please replace `use_container_width` with `width`.

`use_container_width` will be removed after 2025-12-31.

For `use_container_width=True`, use `width='stretch'`. For `use_container_width=False`, use `width='content'`.

  You can now view your Streamlit app in your browser.

  URL: http://127.0.0.1:58582

  For better performance, install the Watchdog module:

  $ xcode-select --install
  $ pip install watchdog
            
2026-01-19 02:05:28.220 Please replace `use_container_width` with `width`.

`use_container_width` will be removed after 2025-12-31.

For `use_container_width=True`, use `width='stretch'`. For `use_container_width=False`, use `width='content'`.

  You can now view your Streamlit app in your browser.

  URL: http://127.0.0.1:58591

  For better performance, install the Watchdog module:

  $ xcode-select --install
  $ pip install watchdog
            
2026-01-19 02:05:58.018 Please replace `use_container_width` with `width`.

`use_container_width` will be removed after 2025-12-31.

For `use_container_width=True`, use `width='stretch'`. For `use_container_width=False`, use `width='content'`.
  Stopping...
  Stopping...

  You can now view your Streamlit app in your browser.

  URL: http://127.0.0.1:58610

  For better performance, install the Watchdog module:

  $ xcode-select --install
  $ pip install watchdog
            
2026-01-19 02:07:16.868 Please replace `use_container_width` with `width`.

`use_container_width` will be removed after 2025-12-31.

For `use_container_width=True`, use `width='stretch'`. For `use_container_width=False`, use `width='content'`.

  You can now view your Streamlit app in your browser.

  URL: http://127.0.0.1:58655

  For better performance, install the Watchdog module:

  $ xcode-select --install
  $ pip install watchdog
            
2026-01-19 02:07:57.829 Please replace `use_container_width` with `width`.

`use_container_width` will be removed after 2025-12-31.

For `use_container_width=True`, use `width='stretch'`. For `use_container_width=False`, use `width='content'`.

  You can now view your Streamlit app in your browser.

  URL: http://127.0.0.1:58804

  For better performance, install the Watchdog module:

  $ xcode-select --install
  $ pip install watchdog
            
2026-01-19 02:09:37.368 Please replace `use_container_width` with `width`.

`use_container_width` will be removed after 2025-12-31.

For `use_container_width=True`, use `width='stretch'`. For `use_container_width=False`, use `width='content'`.
  Stopping...
  Stopping...

  You can now view your Streamlit app in your browser.

  URL: http://127.0.0.1:58821

  For better performance, install the Watchdog module:

  $ xcode-select --install
  $ pip install watchdog
            
2026-01-19 02:13:05.490 Please replace `use_container_width` with `width`.

`use_container_width` will be removed after 2025-12-31.

For `use_container_width=True`, use `width='stretch'`. For `use_container_width=False`, use `width='content'`.
  Stopping...
  Stopping...
  Stopping...
  Stopping...

  You can now view your Streamlit app in your browser.

  URL: http://127.0.0.1:58881

  For better performance, install the Watchdog module:

  $ xcode-select --install
  $ pip install watchdog
            
2026-01-19 02:21:38.990 Please replace `use_container_width` with `width`.

`use_container_width` will be removed after 2025-12-31.

For `use_container_width=True`, use `width='stretch'`. For `use_container_width=False`, use `width='content'`.
  Stopping...
  Stopping...

  You can now view your Streamlit app in your browser.

  URL: http://127.0.0.1:58903

  For better performance, install the Watchdog module:

  $ xcode-select --install
  $ pip install watchdog
            
2026-01-19 02:31:11.581 Uncaught app execution
Traceback (most recent call last):
  File "/Users/baitus/Downloads/crypto-bot-pro/.venv/lib/python3.13/site-packages/streamlit/runtime/scriptrunner/exec_code.py", line 129, in exec_func_with_error_handling
    result = func()
  File "/Users/baitus/Downloads/crypto-bot-pro/.venv/lib/python3.13/site-packages/streamlit/runtime/scriptrunner/script_runner.py", line 672, in code_to_exec
    exec(code, module.__dict__)  # noqa: S102
    ~~~~^^^^^^^^^^^^^^^^^^^^^^^
  File "/Users/baitus/Downloads/crypto-bot-pro/dashboard/app.py", line 30, in <module>
    import yaml as _yaml
ModuleNotFoundError: No module named 'yaml'
  Stopping...
  Stopping...

  You can now view your Streamlit app in your browser.

  URL: http://127.0.0.1:58961

  For better performance, install the Watchdog module:

  $ xcode-select --install
  $ pip install watchdog
            
2026-01-19 02:32:44.327 Uncaught app execution
Traceback (most recent call last):
  File "/Users/baitus/Downloads/crypto-bot-pro/.venv/lib/python3.13/site-packages/streamlit/runtime/scriptrunner/exec_code.py", line 129, in exec_func_with_error_handling
    result = func()
  File "/Users/baitus/Downloads/crypto-bot-pro/.venv/lib/python3.13/site-packages/streamlit/runtime/scriptrunner/script_runner.py", line 672, in code_to_exec
    exec(code, module.__dict__)  # noqa: S102
    ~~~~^^^^^^^^^^^^^^^^^^^^^^^
  File "/Users/baitus/Downloads/crypto-bot-pro/dashboard/app.py", line 30, in <module>
    import yaml as _yaml
ModuleNotFoundError: No module named 'yaml'
  Stopping...
  Stopping...

  You can now view your Streamlit app in your browser.

  URL: http://127.0.0.1:59056

  For better performance, install the Watchdog module:

  $ xcode-select --install
  $ pip install watchdog
            
2026-01-19 02:33:57.291 Please replace `use_container_width` with `width`.

`use_container_width` will be removed after 2025-12-31.

For `use_container_width=True`, use `width='stretch'`. For `use_container_width=False`, use `width='content'`.
2026-01-19 02:33:58.060 Uncaught app execution
Traceback (most recent call last):
  File "/Users/baitus/Downloads/crypto-bot-pro/.venv/lib/python3.13/site-packages/streamlit/runtime/scriptrunner/exec_code.py", line 129, in exec_func_with_error_handling
    result = func()
  File "/Users/baitus/Downloads/crypto-bot-pro/.venv/lib/python3.13/site-packages/streamlit/runtime/scriptrunner/script_runner.py", line 672, in code_to_exec
    exec(code, module.__dict__)  # noqa: S102
    ~~~~^^^^^^^^^^^^^^^^^^^^^^^
  File "/Users/baitus/Downloads/crypto-bot-pro/dashboard/app.py", line 121, in <module>
    min_notional_new = c1.number_input("Min order notional (quote currency)", min_value=0.0, value=float(min_notional), step=1.0)
  File "/Users/baitus/Downloads/crypto-bot-pro/.venv/lib/python3.13/site-packages/streamlit/runtime/metrics_util.py", line 532, in wrapped_func
    result = non_optional_func(*args, **kwargs)
  File "/Users/baitus/Downloads/crypto-bot-pro/.venv/lib/python3.13/site-packages/streamlit/elements/widgets/number_input.py", line 401, in number_input
    return self._number_input(
           ~~~~~~~~~~~~~~~~~~^
        label=label,
        ^^^^^^^^^^^^
    ...<15 lines>...
        ctx=ctx,
        ^^^^^^^^
    )
    ^
  File "/Users/baitus/Downloads/crypto-bot-pro/.venv/lib/python3.13/site-packages/streamlit/elements/widgets/number_input.py", line 452, in _number_input
    element_id = compute_and_register_element_id(
        "number_input",
    ...<12 lines>...
        width=width,
    )
  File "/Users/baitus/Downloads/crypto-bot-pro/.venv/lib/python3.13/site-packages/streamlit/elements/lib/utils.py", line 265, in compute_and_register_element_id
    _register_element_id(ctx, element_type, element_id)
    ~~~~~~~~~~~~~~~~~~~~^^^^^^^^^^^^^^^^^^^^^^^^^^^^^^^
  File "/Users/baitus/Downloads/crypto-bot-pro/.venv/lib/python3.13/site-packages/streamlit/elements/lib/utils.py", line 150, in _register_element_id
    raise StreamlitDuplicateElementId(element_type)
streamlit.errors.StreamlitDuplicateElementId: There are multiple `number_input` elements with the same auto-generated ID. When this element is created, it is assigned an internal ID based on the element type and provided parameters. Multiple elements with the same type and parameters will cause this error.

To fix this error, please pass a unique `key` argument to the `number_input` element.

  You can now view your Streamlit app in your browser.

  URL: http://127.0.0.1:59134

  For better performance, install the Watchdog module:

  $ xcode-select --install
  $ pip install watchdog
            
2026-01-19 02:35:17.291 Please replace `use_container_width` with `width`.

`use_container_width` will be removed after 2025-12-31.

For `use_container_width=True`, use `width='stretch'`. For `use_container_width=False`, use `width='content'`.
2026-01-19 02:35:17.821 Uncaught app execution
Traceback (most recent call last):
  File "/Users/baitus/Downloads/crypto-bot-pro/.venv/lib/python3.13/site-packages/streamlit/runtime/scriptrunner/exec_code.py", line 129, in exec_func_with_error_handling
    result = func()
  File "/Users/baitus/Downloads/crypto-bot-pro/.venv/lib/python3.13/site-packages/streamlit/runtime/scriptrunner/script_runner.py", line 672, in code_to_exec
    exec(code, module.__dict__)  # noqa: S102
    ~~~~^^^^^^^^^^^^^^^^^^^^^^^
  File "/Users/baitus/Downloads/crypto-bot-pro/dashboard/app.py", line 121, in <module>
    min_notional_new = c1.number_input("Min order notional (quote currency)", min_value=0.0, value=float(min_notional), step=1.0, key="safety_min_notional")
  File "/Users/baitus/Downloads/crypto-bot-pro/.venv/lib/python3.13/site-packages/streamlit/runtime/metrics_util.py", line 532, in wrapped_func
    result = non_optional_func(*args, **kwargs)
  File "/Users/baitus/Downloads/crypto-bot-pro/.venv/lib/python3.13/site-packages/streamlit/elements/widgets/number_input.py", line 401, in number_input
    return self._number_input(
           ~~~~~~~~~~~~~~~~~~^
        label=label,
        ^^^^^^^^^^^^
    ...<15 lines>...
        ctx=ctx,
        ^^^^^^^^
    )
    ^
  File "/Users/baitus/Downloads/crypto-bot-pro/.venv/lib/python3.13/site-packages/streamlit/elements/widgets/number_input.py", line 452, in _number_input
    element_id = compute_and_register_element_id(
        "number_input",
    ...<12 lines>...
        width=width,
    )
  File "/Users/baitus/Downloads/crypto-bot-pro/.venv/lib/python3.13/site-packages/streamlit/elements/lib/utils.py", line 265, in compute_and_register_element_id
    _register_element_id(ctx, element_type, element_id)
    ~~~~~~~~~~~~~~~~~~~~^^^^^^^^^^^^^^^^^^^^^^^^^^^^^^^
  File "/Users/baitus/Downloads/crypto-bot-pro/.venv/lib/python3.13/site-packages/streamlit/elements/lib/utils.py", line 145, in _register_element_id
    raise StreamlitDuplicateElementKey(user_key)
streamlit.errors.StreamlitDuplicateElementKey: There are multiple elements with the same `key='safety_min_notional'`. To fix this, please make sure that the `key` argument is unique for each element you create.
  Stopping...
  Stopping...
  Stopping...
  Stopping...

  You can now view your Streamlit app in your browser.

  URL: http://127.0.0.1:54801

  For better performance, install the Watchdog module:

  $ xcode-select --install
  $ pip install watchdog
            
2026-01-19 22:40:28.567 Please replace `use_container_width` with `width`.

`use_container_width` will be removed after 2025-12-31.

For `use_container_width=True`, use `width='stretch'`. For `use_container_width=False`, use `width='content'`.
2026-01-19 22:40:29.745 Please replace `use_container_width` with `width`.

`use_container_width` will be removed after 2025-12-31.

For `use_container_width=True`, use `width='stretch'`. For `use_container_width=False`, use `width='content'`.
2026-01-19 22:40:29.824 Please replace `use_container_width` with `width`.

`use_container_width` will be removed after 2025-12-31.

For `use_container_width=True`, use `width='stretch'`. For `use_container_width=False`, use `width='content'`.
2026-01-19 22:40:29.853 Please replace `use_container_width` with `width`.

`use_container_width` will be removed after 2025-12-31.

For `use_container_width=True`, use `width='stretch'`. For `use_container_width=False`, use `width='content'`.
2026-01-19 22:40:29.860 Please replace `use_container_width` with `width`.

`use_container_width` will be removed after 2025-12-31.

For `use_container_width=True`, use `width='stretch'`. For `use_container_width=False`, use `width='content'`.
2026-01-19 22:40:29.867 Uncaught app execution
Traceback (most recent call last):
  File "/Users/baitus/Downloads/crypto-bot-pro/.venv/lib/python3.13/site-packages/streamlit/runtime/scriptrunner/exec_code.py", line 129, in exec_func_with_error_handling
    result = func()
  File "/Users/baitus/Downloads/crypto-bot-pro/.venv/lib/python3.13/site-packages/streamlit/runtime/scriptrunner/script_runner.py", line 672, in code_to_exec
    exec(code, module.__dict__)  # noqa: S102
    ~~~~^^^^^^^^^^^^^^^^^^^^^^^
  File "/Users/baitus/Downloads/crypto-bot-pro/dashboard/app.py", line 149, in <module>
    min_notional_new = c1.number_input("Min order notional (quote currency)", min_value=0.0, value=float(min_notional), step=1.0, key="safety_min_notional")
  File "/Users/baitus/Downloads/crypto-bot-pro/.venv/lib/python3.13/site-packages/streamlit/runtime/metrics_util.py", line 532, in wrapped_func
    result = non_optional_func(*args, **kwargs)
  File "/Users/baitus/Downloads/crypto-bot-pro/.venv/lib/python3.13/site-packages/streamlit/elements/widgets/number_input.py", line 401, in number_input
    return self._number_input(
           ~~~~~~~~~~~~~~~~~~^
        label=label,
        ^^^^^^^^^^^^
    ...<15 lines>...
        ctx=ctx,
        ^^^^^^^^
    )
    ^
  File "/Users/baitus/Downloads/crypto-bot-pro/.venv/lib/python3.13/site-packages/streamlit/elements/widgets/number_input.py", line 452, in _number_input
    element_id = compute_and_register_element_id(
        "number_input",
    ...<12 lines>...
        width=width,
    )
  File "/Users/baitus/Downloads/crypto-bot-pro/.venv/lib/python3.13/site-packages/streamlit/elements/lib/utils.py", line 265, in compute_and_register_element_id
    _register_element_id(ctx, element_type, element_id)
    ~~~~~~~~~~~~~~~~~~~~^^^^^^^^^^^^^^^^^^^^^^^^^^^^^^^
  File "/Users/baitus/Downloads/crypto-bot-pro/.venv/lib/python3.13/site-packages/streamlit/elements/lib/utils.py", line 145, in _register_element_id
    raise StreamlitDuplicateElementKey(user_key)
streamlit.errors.StreamlitDuplicateElementKey: There are multiple elements with the same `key='safety_min_notional'`. To fix this, please make sure that the `key` argument is unique for each element you create.
  Stopping...
  Stopping...

  You can now view your Streamlit app in your browser.

  URL: http://127.0.0.1:55681

  For better performance, install the Watchdog module:

  $ xcode-select --install
  $ pip install watchdog
            
2026-01-19 22:41:51.905 Please replace `use_container_width` with `width`.

`use_container_width` will be removed after 2025-12-31.

For `use_container_width=True`, use `width='stretch'`. For `use_container_width=False`, use `width='content'`.
2026-01-19 22:41:52.485 Please replace `use_container_width` with `width`.

`use_container_width` will be removed after 2025-12-31.

For `use_container_width=True`, use `width='stretch'`. For `use_container_width=False`, use `width='content'`.
2026-01-19 22:41:52.546 Please replace `use_container_width` with `width`.

`use_container_width` will be removed after 2025-12-31.

For `use_container_width=True`, use `width='stretch'`. For `use_container_width=False`, use `width='content'`.
2026-01-19 22:41:52.555 Please replace `use_container_width` with `width`.

`use_container_width` will be removed after 2025-12-31.

For `use_container_width=True`, use `width='stretch'`. For `use_container_width=False`, use `width='content'`.
2026-01-19 22:41:52.558 Please replace `use_container_width` with `width`.

`use_container_width` will be removed after 2025-12-31.

For `use_container_width=True`, use `width='stretch'`. For `use_container_width=False`, use `width='content'`.
2026-01-19 22:41:52.560 Uncaught app execution
Traceback (most recent call last):
  File "/Users/baitus/Downloads/crypto-bot-pro/.venv/lib/python3.13/site-packages/streamlit/runtime/scriptrunner/exec_code.py", line 129, in exec_func_with_error_handling
    result = func()
  File "/Users/baitus/Downloads/crypto-bot-pro/.venv/lib/python3.13/site-packages/streamlit/runtime/scriptrunner/script_runner.py", line 672, in code_to_exec
    exec(code, module.__dict__)  # noqa: S102
    ~~~~^^^^^^^^^^^^^^^^^^^^^^^
  File "/Users/baitus/Downloads/crypto-bot-pro/dashboard/app.py", line 149, in <module>
    min_notional_new = c1.number_input("Min order notional (quote currency)", min_value=0.0, value=float(min_notional), step=1.0, key="safety_min_notional")
  File "/Users/baitus/Downloads/crypto-bot-pro/.venv/lib/python3.13/site-packages/streamlit/runtime/metrics_util.py", line 532, in wrapped_func
    result = non_optional_func(*args, **kwargs)
  File "/Users/baitus/Downloads/crypto-bot-pro/.venv/lib/python3.13/site-packages/streamlit/elements/widgets/number_input.py", line 401, in number_input
    return self._number_input(
           ~~~~~~~~~~~~~~~~~~^
        label=label,
        ^^^^^^^^^^^^
    ...<15 lines>...
        ctx=ctx,
        ^^^^^^^^
    )
    ^
  File "/Users/baitus/Downloads/crypto-bot-pro/.venv/lib/python3.13/site-packages/streamlit/elements/widgets/number_input.py", line 452, in _number_input
    element_id = compute_and_register_element_id(
        "number_input",
    ...<12 lines>...
        width=width,
    )
  File "/Users/baitus/Downloads/crypto-bot-pro/.venv/lib/python3.13/site-packages/streamlit/elements/lib/utils.py", line 265, in compute_and_register_element_id
    _register_element_id(ctx, element_type, element_id)
    ~~~~~~~~~~~~~~~~~~~~^^^^^^^^^^^^^^^^^^^^^^^^^^^^^^^
  File "/Users/baitus/Downloads/crypto-bot-pro/.venv/lib/python3.13/site-packages/streamlit/elements/lib/utils.py", line 145, in _register_element_id
    raise StreamlitDuplicateElementKey(user_key)
streamlit.errors.StreamlitDuplicateElementKey: There are multiple elements with the same `key='safety_min_notional'`. To fix this, please make sure that the `key` argument is unique for each element you create.
  Stopping...
  Stopping...

  You can now view your Streamlit app in your browser.

  URL: http://127.0.0.1:56902

  For better performance, install the Watchdog module:

  $ xcode-select --install
  $ pip install watchdog
            
2026-01-19 22:43:42.822 Please replace `use_container_width` with `width`.

`use_container_width` will be removed after 2025-12-31.

For `use_container_width=True`, use `width='stretch'`. For `use_container_width=False`, use `width='content'`.
2026-01-19 22:43:43.740 Please replace `use_container_width` with `width`.

`use_container_width` will be removed after 2025-12-31.

For `use_container_width=True`, use `width='stretch'`. For `use_container_width=False`, use `width='content'`.
2026-01-19 22:43:43.805 Please replace `use_container_width` with `width`.

`use_container_width` will be removed after 2025-12-31.

For `use_container_width=True`, use `width='stretch'`. For `use_container_width=False`, use `width='content'`.
2026-01-19 22:43:43.817 Please replace `use_container_width` with `width`.

`use_container_width` will be removed after 2025-12-31.

For `use_container_width=True`, use `width='stretch'`. For `use_container_width=False`, use `width='content'`.
2026-01-19 22:43:43.821 Please replace `use_container_width` with `width`.

`use_container_width` will be removed after 2025-12-31.

For `use_container_width=True`, use `width='stretch'`. For `use_container_width=False`, use `width='content'`.
2026-01-19 22:43:43.824 Uncaught app execution
Traceback (most recent call last):
  File "/Users/baitus/Downloads/crypto-bot-pro/.venv/lib/python3.13/site-packages/streamlit/runtime/scriptrunner/exec_code.py", line 129, in exec_func_with_error_handling
    result = func()
  File "/Users/baitus/Downloads/crypto-bot-pro/.venv/lib/python3.13/site-packages/streamlit/runtime/scriptrunner/script_runner.py", line 672, in code_to_exec
    exec(code, module.__dict__)  # noqa: S102
    ~~~~^^^^^^^^^^^^^^^^^^^^^^^
  File "/Users/baitus/Downloads/crypto-bot-pro/dashboard/app.py", line 149, in <module>
    min_notional_new = c1.number_input("Min order notional (quote currency)", min_value=0.0, value=float(min_notional), step=1.0, key="safety_min_notional")
  File "/Users/baitus/Downloads/crypto-bot-pro/.venv/lib/python3.13/site-packages/streamlit/runtime/metrics_util.py", line 532, in wrapped_func
    result = non_optional_func(*args, **kwargs)
  File "/Users/baitus/Downloads/crypto-bot-pro/.venv/lib/python3.13/site-packages/streamlit/elements/widgets/number_input.py", line 401, in number_input
    return self._number_input(
           ~~~~~~~~~~~~~~~~~~^
        label=label,
        ^^^^^^^^^^^^
    ...<15 lines>...
        ctx=ctx,
        ^^^^^^^^
    )
    ^
  File "/Users/baitus/Downloads/crypto-bot-pro/.venv/lib/python3.13/site-packages/streamlit/elements/widgets/number_input.py", line 452, in _number_input
    element_id = compute_and_register_element_id(
        "number_input",
    ...<12 lines>...
        width=width,
    )
  File "/Users/baitus/Downloads/crypto-bot-pro/.venv/lib/python3.13/site-packages/streamlit/elements/lib/utils.py", line 265, in compute_and_register_element_id
    _register_element_id(ctx, element_type, element_id)
    ~~~~~~~~~~~~~~~~~~~~^^^^^^^^^^^^^^^^^^^^^^^^^^^^^^^
  File "/Users/baitus/Downloads/crypto-bot-pro/.venv/lib/python3.13/site-packages/streamlit/elements/lib/utils.py", line 145, in _register_element_id
    raise StreamlitDuplicateElementKey(user_key)
streamlit.errors.StreamlitDuplicateElementKey: There are multiple elements with the same `key='safety_min_notional'`. To fix this, please make sure that the `key` argument is unique for each element you create.
  Stopping...
  Stopping...

  You can now view your Streamlit app in your browser.

  URL: http://127.0.0.1:57661

  For better performance, install the Watchdog module:

  $ xcode-select --install
  $ pip install watchdog
            
2026-01-19 22:44:51.756 Script compilation error
Traceback (most recent call last):
  File "/Users/baitus/Downloads/crypto-bot-pro/.venv/lib/python3.13/site-packages/streamlit/runtime/scriptrunner/script_runner.py", line 574, in _run_script
    code = self._script_cache.get_bytecode(script_path)
  File "/Users/baitus/Downloads/crypto-bot-pro/.venv/lib/python3.13/site-packages/streamlit/runtime/scriptrunner/script_cache.py", line 72, in get_bytecode
    filebody = magic.add_magic(filebody, script_path)
  File "/Users/baitus/Downloads/crypto-bot-pro/.venv/lib/python3.13/site-packages/streamlit/runtime/scriptrunner/magic.py", line 45, in add_magic
    tree = ast.parse(code, script_path, "exec")
  File "/usr/local/Cellar/python@3.13/3.13.7/Frameworks/Python.framework/Versions/3.13/lib/python3.13/ast.py", line 50, in parse
    return compile(source, filename, mode, flags,
                   _feature_version=feature_version, optimize=optimize)
  File "/Users/baitus/Downloads/crypto-bot-pro/dashboard/app.py", line 198
    ok, m = start_service(specs[name])
IndentationError: unexpected indent
2026-01-19 22:44:51.767 Thread 'MainThread': missing ScriptRunContext! This warning can be ignored when running in bare mode.
  Stopping...
  Stopping...

  You can now view your Streamlit app in your browser.

  URL: http://127.0.0.1:58344

  For better performance, install the Watchdog module:

  $ xcode-select --install
  $ pip install watchdog
            
2026-01-19 22:45:58.281 Script compilation error
Traceback (most recent call last):
  File "/Users/baitus/Downloads/crypto-bot-pro/.venv/lib/python3.13/site-packages/streamlit/runtime/scriptrunner/script_runner.py", line 574, in _run_script
    code = self._script_cache.get_bytecode(script_path)
  File "/Users/baitus/Downloads/crypto-bot-pro/.venv/lib/python3.13/site-packages/streamlit/runtime/scriptrunner/script_cache.py", line 72, in get_bytecode
    filebody = magic.add_magic(filebody, script_path)
  File "/Users/baitus/Downloads/crypto-bot-pro/.venv/lib/python3.13/site-packages/streamlit/runtime/scriptrunner/magic.py", line 45, in add_magic
    tree = ast.parse(code, script_path, "exec")
  File "/usr/local/Cellar/python@3.13/3.13.7/Frameworks/Python.framework/Versions/3.13/lib/python3.13/ast.py", line 50, in parse
    return compile(source, filename, mode, flags,
                   _feature_version=feature_version, optimize=optimize)
  File "/Users/baitus/Downloads/crypto-bot-pro/dashboard/app.py", line 198
    ok, m = start_service(specs[name])
IndentationError: unexpected indent
2026-01-19 22:45:58.292 Thread 'MainThread': missing ScriptRunContext! This warning can be ignored when running in bare mode.
  Stopping...
  Stopping...

  You can now view your Streamlit app in your browser.

  URL: http://127.0.0.1:59108

  For better performance, install the Watchdog module:

  $ xcode-select --install
  $ pip install watchdog
            
2026-01-19 22:47:11.359 Script compilation error
Traceback (most recent call last):
  File "/Users/baitus/Downloads/crypto-bot-pro/.venv/lib/python3.13/site-packages/streamlit/runtime/scriptrunner/script_runner.py", line 574, in _run_script
    code = self._script_cache.get_bytecode(script_path)
  File "/Users/baitus/Downloads/crypto-bot-pro/.venv/lib/python3.13/site-packages/streamlit/runtime/scriptrunner/script_cache.py", line 72, in get_bytecode
    filebody = magic.add_magic(filebody, script_path)
  File "/Users/baitus/Downloads/crypto-bot-pro/.venv/lib/python3.13/site-packages/streamlit/runtime/scriptrunner/magic.py", line 45, in add_magic
    tree = ast.parse(code, script_path, "exec")
  File "/usr/local/Cellar/python@3.13/3.13.7/Frameworks/Python.framework/Versions/3.13/lib/python3.13/ast.py", line 50, in parse
    return compile(source, filename, mode, flags,
                   _feature_version=feature_version, optimize=optimize)
  File "/Users/baitus/Downloads/crypto-bot-pro/dashboard/app.py", line 198
    ok, m = start_service(specs[name])
IndentationError: unexpected indent
2026-01-19 22:47:11.371 Thread 'MainThread': missing ScriptRunContext! This warning can be ignored when running in bare mode.
  Stopping...
  Stopping...

  You can now view your Streamlit app in your browser.

  URL: http://127.0.0.1:59779

  For better performance, install the Watchdog module:

  $ xcode-select --install
  $ pip install watchdog
            
2026-01-19 22:48:17.072 Script compilation error
Traceback (most recent call last):
  File "/Users/baitus/Downloads/crypto-bot-pro/.venv/lib/python3.13/site-packages/streamlit/runtime/scriptrunner/script_runner.py", line 574, in _run_script
    code = self._script_cache.get_bytecode(script_path)
  File "/Users/baitus/Downloads/crypto-bot-pro/.venv/lib/python3.13/site-packages/streamlit/runtime/scriptrunner/script_cache.py", line 72, in get_bytecode
    filebody = magic.add_magic(filebody, script_path)
  File "/Users/baitus/Downloads/crypto-bot-pro/.venv/lib/python3.13/site-packages/streamlit/runtime/scriptrunner/magic.py", line 45, in add_magic
    tree = ast.parse(code, script_path, "exec")
  File "/usr/local/Cellar/python@3.13/3.13.7/Frameworks/Python.framework/Versions/3.13/lib/python3.13/ast.py", line 50, in parse
    return compile(source, filename, mode, flags,
                   _feature_version=feature_version, optimize=optimize)
  File "/Users/baitus/Downloads/crypto-bot-pro/dashboard/app.py", line 198
    ok, m = start_service(specs[name])
IndentationError: unexpected indent
2026-01-19 22:48:17.085 Thread 'MainThread': missing ScriptRunContext! This warning can be ignored when running in bare mode.
  Stopping...
  Stopping...

  You can now view your Streamlit app in your browser.

  URL: http://127.0.0.1:61590

  For better performance, install the Watchdog module:

  $ xcode-select --install
  $ pip install watchdog
            
2026-01-19 22:51:09.075 Script compilation error
Traceback (most recent call last):
  File "/Users/baitus/Downloads/crypto-bot-pro/.venv/lib/python3.13/site-packages/streamlit/runtime/scriptrunner/script_runner.py", line 574, in _run_script
    code = self._script_cache.get_bytecode(script_path)
  File "/Users/baitus/Downloads/crypto-bot-pro/.venv/lib/python3.13/site-packages/streamlit/runtime/scriptrunner/script_cache.py", line 72, in get_bytecode
    filebody = magic.add_magic(filebody, script_path)
  File "/Users/baitus/Downloads/crypto-bot-pro/.venv/lib/python3.13/site-packages/streamlit/runtime/scriptrunner/magic.py", line 45, in add_magic
    tree = ast.parse(code, script_path, "exec")
  File "/usr/local/Cellar/python@3.13/3.13.7/Frameworks/Python.framework/Versions/3.13/lib/python3.13/ast.py", line 50, in parse
    return compile(source, filename, mode, flags,
                   _feature_version=feature_version, optimize=optimize)
  File "/Users/baitus/Downloads/crypto-bot-pro/dashboard/app.py", line 198
    ok, m = start_service(specs[name])
IndentationError: unexpected indent
2026-01-19 22:51:09.088 Thread 'MainThread': missing ScriptRunContext! This warning can be ignored when running in bare mode.
  Stopping...
  Stopping...

  You can now view your Streamlit app in your browser.

  URL: http://127.0.0.1:49842

  For better performance, install the Watchdog module:

  $ xcode-select --install
  $ pip install watchdog
            
2026-01-19 22:58:40.959 Uncaught app execution
Traceback (most recent call last):
  File "/Users/baitus/Downloads/crypto-bot-pro/.venv/lib/python3.13/site-packages/streamlit/runtime/scriptrunner/exec_code.py", line 129, in exec_func_with_error_handling
    result = func()
  File "/Users/baitus/Downloads/crypto-bot-pro/.venv/lib/python3.13/site-packages/streamlit/runtime/scriptrunner/script_runner.py", line 672, in code_to_exec
    exec(code, module.__dict__)  # noqa: S102
    ~~~~^^^^^^^^^^^^^^^^^^^^^^^
  File "/Users/baitus/Downloads/crypto-bot-pro/dashboard/app.py", line 2, in <module>
    st.header("Canonical PnL (data/pnl.sqlite)")
    ^^
NameError: name 'st' is not defined. Did you mean: 'set'?
  Stopping...
  Stopping...

  You can now view your Streamlit app in your browser.

  URL: http://127.0.0.1:51471

  For better performance, install the Watchdog module:

  $ xcode-select --install
  $ pip install watchdog
            
2026-01-19 23:01:21.020 Please replace `use_container_width` with `width`.

`use_container_width` will be removed after 2025-12-31.

For `use_container_width=True`, use `width='stretch'`. For `use_container_width=False`, use `width='content'`.
2026-01-19 23:01:21.708 Please replace `use_container_width` with `width`.

`use_container_width` will be removed after 2025-12-31.

For `use_container_width=True`, use `width='stretch'`. For `use_container_width=False`, use `width='content'`.
2026-01-19 23:01:21.746 Please replace `use_container_width` with `width`.

`use_container_width` will be removed after 2025-12-31.

For `use_container_width=True`, use `width='stretch'`. For `use_container_width=False`, use `width='content'`.
  Stopping...
  Stopping...
Exception ignored on threading shutdown:
Traceback (most recent call last):
  File "/usr/local/Cellar/python@3.13/3.13.7/Frameworks/Python.framework/Versions/3.13/lib/python3.13/threading.py", line 1536, in _shutdown
    atexit_call()
  File "/usr/local/Cellar/python@3.13/3.13.7/Frameworks/Python.framework/Versions/3.13/lib/python3.13/threading.py", line 1507, in <lambda>
    _threading_atexits.append(lambda: func(*arg, **kwargs))
  File "/usr/local/Cellar/python@3.13/3.13.7/Frameworks/Python.framework/Versions/3.13/lib/python3.13/concurrent/futures/thread.py", line 31, in _python_exit
    t.join()
  File "/usr/local/Cellar/python@3.13/3.13.7/Frameworks/Python.framework/Versions/3.13/lib/python3.13/threading.py", line 1094, in join
    self._handle.join(timeout)
  File "/Users/baitus/Downloads/crypto-bot-pro/.venv/lib/python3.13/site-packages/streamlit/web/bootstrap.py", line 43, in signal_handler
    server.stop()
  File "/Users/baitus/Downloads/crypto-bot-pro/.venv/lib/python3.13/site-packages/streamlit/web/server/server.py", line 535, in stop
    self._runtime.stop()
  File "/Users/baitus/Downloads/crypto-bot-pro/.venv/lib/python3.13/site-packages/streamlit/runtime/runtime.py", line 355, in stop
    async_objs.eventloop.call_soon_threadsafe(stop_on_eventloop)
  File "/usr/local/Cellar/python@3.13/3.13.7/Frameworks/Python.framework/Versions/3.13/lib/python3.13/asyncio/base_events.py", line 878, in call_soon_threadsafe
    self._check_closed()
  File "/usr/local/Cellar/python@3.13/3.13.7/Frameworks/Python.framework/Versions/3.13/lib/python3.13/asyncio/base_events.py", line 556, in _check_closed
    raise RuntimeError('Event loop is closed')
RuntimeError: Event loop is closed

  You can now view your Streamlit app in your browser.

  URL: http://127.0.0.1:55398

  For better performance, install the Watchdog module:

  $ xcode-select --install
  $ pip install watchdog
            
2026-01-19 23:07:39.557 Please replace `use_container_width` with `width`.

`use_container_width` will be removed after 2025-12-31.

For `use_container_width=True`, use `width='stretch'`. For `use_container_width=False`, use `width='content'`.
2026-01-19 23:07:40.326 Please replace `use_container_width` with `width`.

`use_container_width` will be removed after 2025-12-31.

For `use_container_width=True`, use `width='stretch'`. For `use_container_width=False`, use `width='content'`.
2026-01-19 23:07:40.361 Please replace `use_container_width` with `width`.

`use_container_width` will be removed after 2025-12-31.

For `use_container_width=True`, use `width='stretch'`. For `use_container_width=False`, use `width='content'`.
  Stopping...
  Stopping...

  You can now view your Streamlit app in your browser.

  URL: http://127.0.0.1:57067

  For better performance, install the Watchdog module:

  $ xcode-select --install
  $ pip install watchdog
            
2026-01-19 23:10:24.927 Please replace `use_container_width` with `width`.

`use_container_width` will be removed after 2025-12-31.

For `use_container_width=True`, use `width='stretch'`. For `use_container_width=False`, use `width='content'`.
2026-01-19 23:10:25.656 Please replace `use_container_width` with `width`.

`use_container_width` will be removed after 2025-12-31.

For `use_container_width=True`, use `width='stretch'`. For `use_container_width=False`, use `width='content'`.
2026-01-19 23:10:25.691 Please replace `use_container_width` with `width`.

`use_container_width` will be removed after 2025-12-31.

For `use_container_width=True`, use `width='stretch'`. For `use_container_width=False`, use `width='content'`.
  Stopping...
  Stopping...

  You can now view your Streamlit app in your browser.

  URL: http://127.0.0.1:60611

  For better performance, install the Watchdog module:

  $ xcode-select --install
  $ pip install watchdog
            
2026-01-19 23:16:17.307 Please replace `use_container_width` with `width`.

`use_container_width` will be removed after 2025-12-31.

For `use_container_width=True`, use `width='stretch'`. For `use_container_width=False`, use `width='content'`.
2026-01-19 23:16:18.009 Please replace `use_container_width` with `width`.

`use_container_width` will be removed after 2025-12-31.

For `use_container_width=True`, use `width='stretch'`. For `use_container_width=False`, use `width='content'`.
2026-01-19 23:16:18.043 Please replace `use_container_width` with `width`.

`use_container_width` will be removed after 2025-12-31.

For `use_container_width=True`, use `width='stretch'`. For `use_container_width=False`, use `width='content'`.
  Stopping...
  Stopping...

  You can now view your Streamlit app in your browser.

  URL: http://127.0.0.1:63057

  For better performance, install the Watchdog module:

  $ xcode-select --install
  $ pip install watchdog
            
2026-01-19 23:20:13.321 Script compilation error
Traceback (most recent call last):
  File "/Users/baitus/Downloads/crypto-bot-pro/.venv/lib/python3.13/site-packages/streamlit/runtime/scriptrunner/script_runner.py", line 574, in _run_script
    code = self._script_cache.get_bytecode(script_path)
  File "/Users/baitus/Downloads/crypto-bot-pro/.venv/lib/python3.13/site-packages/streamlit/runtime/scriptrunner/script_cache.py", line 72, in get_bytecode
    filebody = magic.add_magic(filebody, script_path)
  File "/Users/baitus/Downloads/crypto-bot-pro/.venv/lib/python3.13/site-packages/streamlit/runtime/scriptrunner/magic.py", line 45, in add_magic
    tree = ast.parse(code, script_path, "exec")
  File "/usr/local/Cellar/python@3.13/3.13.7/Frameworks/Python.framework/Versions/3.13/lib/python3.13/ast.py", line 50, in parse
    return compile(source, filename, mode, flags,
                   _feature_version=feature_version, optimize=optimize)
  File "/Users/baitus/Downloads/crypto-bot-pro/dashboard/app.py", line 80
    try:
IndentationError: unexpected indent
2026-01-19 23:20:13.341 Thread 'MainThread': missing ScriptRunContext! This warning can be ignored when running in bare mode.
  Stopping...
  Stopping...

  You can now view your Streamlit app in your browser.

  URL: http://127.0.0.1:64983

  For better performance, install the Watchdog module:

  $ xcode-select --install
  $ pip install watchdog
            
2026-01-19 23:23:19.795 Script compilation error
Traceback (most recent call last):
  File "/Users/baitus/Downloads/crypto-bot-pro/.venv/lib/python3.13/site-packages/streamlit/runtime/scriptrunner/script_runner.py", line 574, in _run_script
    code = self._script_cache.get_bytecode(script_path)
  File "/Users/baitus/Downloads/crypto-bot-pro/.venv/lib/python3.13/site-packages/streamlit/runtime/scriptrunner/script_cache.py", line 72, in get_bytecode
    filebody = magic.add_magic(filebody, script_path)
  File "/Users/baitus/Downloads/crypto-bot-pro/.venv/lib/python3.13/site-packages/streamlit/runtime/scriptrunner/magic.py", line 45, in add_magic
    tree = ast.parse(code, script_path, "exec")
  File "/usr/local/Cellar/python@3.13/3.13.7/Frameworks/Python.framework/Versions/3.13/lib/python3.13/ast.py", line 50, in parse
    return compile(source, filename, mode, flags,
                   _feature_version=feature_version, optimize=optimize)
  File "/Users/baitus/Downloads/crypto-bot-pro/dashboard/app.py", line 81
    try:
IndentationError: unexpected indent
2026-01-19 23:23:19.821 Thread 'MainThread': missing ScriptRunContext! This warning can be ignored when running in bare mode.
  Stopping...
  Stopping...

  You can now view your Streamlit app in your browser.

  URL: http://127.0.0.1:49581

  For better performance, install the Watchdog module:

  $ xcode-select --install
  $ pip install watchdog
            
2026-01-19 23:24:56.622 Script compilation error
Traceback (most recent call last):
  File "/Users/baitus/Downloads/crypto-bot-pro/.venv/lib/python3.13/site-packages/streamlit/runtime/scriptrunner/script_runner.py", line 574, in _run_script
    code = self._script_cache.get_bytecode(script_path)
  File "/Users/baitus/Downloads/crypto-bot-pro/.venv/lib/python3.13/site-packages/streamlit/runtime/scriptrunner/script_cache.py", line 72, in get_bytecode
    filebody = magic.add_magic(filebody, script_path)
  File "/Users/baitus/Downloads/crypto-bot-pro/.venv/lib/python3.13/site-packages/streamlit/runtime/scriptrunner/magic.py", line 45, in add_magic
    tree = ast.parse(code, script_path, "exec")
  File "/usr/local/Cellar/python@3.13/3.13.7/Frameworks/Python.framework/Versions/3.13/lib/python3.13/ast.py", line 50, in parse
    return compile(source, filename, mode, flags,
                   _feature_version=feature_version, optimize=optimize)
  File "/Users/baitus/Downloads/crypto-bot-pro/dashboard/app.py", line 81
    try:
IndentationError: unexpected indent
2026-01-19 23:24:56.640 Thread 'MainThread': missing ScriptRunContext! This warning can be ignored when running in bare mode.
  Stopping...
  Stopping...

  You can now view your Streamlit app in your browser.

  URL: http://127.0.0.1:51389

  For better performance, install the Watchdog module:

  $ xcode-select --install
  $ pip install watchdog
            
  Stopping...
  Stopping...

  You can now view your Streamlit app in your browser.

  URL: http://127.0.0.1:58773

  For better performance, install the Watchdog module:

  $ xcode-select --install
  $ pip install watchdog
            

  You can now view your Streamlit app in your browser.

  URL: http://127.0.0.1:64798

  For better performance, install the Watchdog module:

  $ xcode-select --install
  $ pip install watchdog
            
2026-01-20 00:43:18.316 Script compilation error
Traceback (most recent call last):
  File "/Users/baitus/Downloads/crypto-bot-pro/.venv/lib/python3.13/site-packages/streamlit/runtime/scriptrunner/script_runner.py", line 574, in _run_script
    code = self._script_cache.get_bytecode(script_path)
  File "/Users/baitus/Downloads/crypto-bot-pro/.venv/lib/python3.13/site-packages/streamlit/runtime/scriptrunner/script_cache.py", line 72, in get_bytecode
    filebody = magic.add_magic(filebody, script_path)
  File "/Users/baitus/Downloads/crypto-bot-pro/.venv/lib/python3.13/site-packages/streamlit/runtime/scriptrunner/magic.py", line 45, in add_magic
    tree = ast.parse(code, script_path, "exec")
  File "/usr/local/Cellar/python@3.13/3.13.7/Frameworks/Python.framework/Versions/3.13/lib/python3.13/ast.py", line 50, in parse
    return compile(source, filename, mode, flags,
                   _feature_version=feature_version, optimize=optimize)
  File "/Users/baitus/Downloads/crypto-bot-pro/dashboard/app.py", line 197
    echo "dashboard/app.py replaced with clean, fixed version!"
         ^^^^^^^^^^^^^^^^^^^^^^^^^^^^^^^^^^^^^^^^^^^^^^^^^^^^^^
SyntaxError: invalid syntax
2026-01-20 00:43:18.330 Thread 'MainThread': missing ScriptRunContext! This warning can be ignored when running in bare mode.
  Stopping...
  Stopping...

  You can now view your Streamlit app in your browser.

  URL: http://127.0.0.1:65146

  For better performance, install the Watchdog module:

  $ xcode-select --install
  $ pip install watchdog
            
2026-01-20 00:43:53.766 Script compilation error
Traceback (most recent call last):
  File "/Users/baitus/Downloads/crypto-bot-pro/.venv/lib/python3.13/site-packages/streamlit/runtime/scriptrunner/script_runner.py", line 574, in _run_script
    code = self._script_cache.get_bytecode(script_path)
  File "/Users/baitus/Downloads/crypto-bot-pro/.venv/lib/python3.13/site-packages/streamlit/runtime/scriptrunner/script_cache.py", line 72, in get_bytecode
    filebody = magic.add_magic(filebody, script_path)
  File "/Users/baitus/Downloads/crypto-bot-pro/.venv/lib/python3.13/site-packages/streamlit/runtime/scriptrunner/magic.py", line 45, in add_magic
    tree = ast.parse(code, script_path, "exec")
  File "/usr/local/Cellar/python@3.13/3.13.7/Frameworks/Python.framework/Versions/3.13/lib/python3.13/ast.py", line 50, in parse
    return compile(source, filename, mode, flags,
                   _feature_version=feature_version, optimize=optimize)
  File "/Users/baitus/Downloads/crypto-bot-pro/dashboard/app.py", line 197
    echo "dashboard/app.py replaced with clean, fixed version!"
         ^^^^^^^^^^^^^^^^^^^^^^^^^^^^^^^^^^^^^^^^^^^^^^^^^^^^^^
SyntaxError: invalid syntax
2026-01-20 00:43:53.773 Thread 'MainThread': missing ScriptRunContext! This warning can be ignored when running in bare mode.
  Stopping...
  Stopping...

  You can now view your Streamlit app in your browser.

  URL: http://127.0.0.1:50277

  For better performance, install the Watchdog module:

  $ xcode-select --install
  $ pip install watchdog
            
2026-01-20 00:46:01.706 Script compilation error
Traceback (most recent call last):
  File "/Users/baitus/Downloads/crypto-bot-pro/.venv/lib/python3.13/site-packages/streamlit/runtime/scriptrunner/script_runner.py", line 574, in _run_script
    code = self._script_cache.get_bytecode(script_path)
  File "/Users/baitus/Downloads/crypto-bot-pro/.venv/lib/python3.13/site-packages/streamlit/runtime/scriptrunner/script_cache.py", line 72, in get_bytecode
    filebody = magic.add_magic(filebody, script_path)
  File "/Users/baitus/Downloads/crypto-bot-pro/.venv/lib/python3.13/site-packages/streamlit/runtime/scriptrunner/magic.py", line 45, in add_magic
    tree = ast.parse(code, script_path, "exec")
  File "/usr/local/Cellar/python@3.13/3.13.7/Frameworks/Python.framework/Versions/3.13/lib/python3.13/ast.py", line 50, in parse
    return compile(source, filename, mode, flags,
                   _feature_version=feature_version, optimize=optimize)
  File "/Users/baitus/Downloads/crypto-bot-pro/dashboard/app.py", line 196
    echo "dashboard/app.py replaced with clean, fixed version!"
         ^^^^^^^^^^^^^^^^^^^^^^^^^^^^^^^^^^^^^^^^^^^^^^^^^^^^^^
SyntaxError: invalid syntax
2026-01-20 00:46:01.720 Thread 'MainThread': missing ScriptRunContext! This warning can be ignored when running in bare mode.
  Stopping...
  Stopping...

  You can now view your Streamlit app in your browser.

  URL: http://127.0.0.1:50775

  For better performance, install the Watchdog module:

  $ xcode-select --install
  $ pip install watchdog
            
2026-01-20 00:46:48.281 Please replace `use_container_width` with `width`.

`use_container_width` will be removed after 2025-12-31.

For `use_container_width=True`, use `width='stretch'`. For `use_container_width=False`, use `width='content'`.
2026-01-20 00:46:48.928 Please replace `use_container_width` with `width`.

`use_container_width` will be removed after 2025-12-31.

For `use_container_width=True`, use `width='stretch'`. For `use_container_width=False`, use `width='content'`.
2026-01-20 00:46:48.972 Please replace `use_container_width` with `width`.

`use_container_width` will be removed after 2025-12-31.

For `use_container_width=True`, use `width='stretch'`. For `use_container_width=False`, use `width='content'`.
2026-01-20 00:46:48.990 Uncaught app execution
Traceback (most recent call last):
  File "/Users/baitus/Downloads/crypto-bot-pro/.venv/lib/python3.13/site-packages/streamlit/runtime/scriptrunner/exec_code.py", line 129, in exec_func_with_error_handling
    result = func()
  File "/Users/baitus/Downloads/crypto-bot-pro/.venv/lib/python3.13/site-packages/streamlit/runtime/scriptrunner/script_runner.py", line 672, in code_to_exec
    exec(code, module.__dict__)  # noqa: S102
    ~~~~^^^^^^^^^^^^^^^^^^^^^^^
  File "/Users/baitus/Downloads/crypto-bot-pro/dashboard/app.py", line 194, in <module>
    EOF
NameError: name 'EOF' is not defined
  Stopping...
  Stopping...

  You can now view your Streamlit app in your browser.

  URL: http://127.0.0.1:53451

  For better performance, install the Watchdog module:

  $ xcode-select --install
  $ pip install watchdog
            
2026-01-20 00:51:00.256 Please replace `use_container_width` with `width`.

`use_container_width` will be removed after 2025-12-31.

For `use_container_width=True`, use `width='stretch'`. For `use_container_width=False`, use `width='content'`.
2026-01-20 00:51:00.959 Please replace `use_container_width` with `width`.

`use_container_width` will be removed after 2025-12-31.

For `use_container_width=True`, use `width='stretch'`. For `use_container_width=False`, use `width='content'`.
2026-01-20 00:51:00.987 Please replace `use_container_width` with `width`.

`use_container_width` will be removed after 2025-12-31.

For `use_container_width=True`, use `width='stretch'`. For `use_container_width=False`, use `width='content'`.
  Stopping...
  Stopping...

  You can now view your Streamlit app in your browser.

  URL: http://127.0.0.1:59548

  For better performance, install the Watchdog module:

  $ xcode-select --install
  $ pip install watchdog
            
2026-01-20 01:27:50.064 Please replace `use_container_width` with `width`.

`use_container_width` will be removed after 2025-12-31.

For `use_container_width=True`, use `width='stretch'`. For `use_container_width=False`, use `width='content'`.
2026-01-20 01:27:51.115 Please replace `use_container_width` with `width`.

`use_container_width` will be removed after 2025-12-31.

For `use_container_width=True`, use `width='stretch'`. For `use_container_width=False`, use `width='content'`.
2026-01-20 01:27:51.148 Please replace `use_container_width` with `width`.

`use_container_width` will be removed after 2025-12-31.

For `use_container_width=True`, use `width='stretch'`. For `use_container_width=False`, use `width='content'`.
  Stopping...
  Stopping...

  You can now view your Streamlit app in your browser.

  URL: http://127.0.0.1:60426

  For better performance, install the Watchdog module:

  $ xcode-select --install
  $ pip install watchdog
            
2026-01-20 01:29:10.650 Please replace `use_container_width` with `width`.

`use_container_width` will be removed after 2025-12-31.

For `use_container_width=True`, use `width='stretch'`. For `use_container_width=False`, use `width='content'`.
2026-01-20 01:29:11.168 Please replace `use_container_width` with `width`.

`use_container_width` will be removed after 2025-12-31.

For `use_container_width=True`, use `width='stretch'`. For `use_container_width=False`, use `width='content'`.
2026-01-20 01:29:11.202 Please replace `use_container_width` with `width`.

`use_container_width` will be removed after 2025-12-31.

For `use_container_width=True`, use `width='stretch'`. For `use_container_width=False`, use `width='content'`.
  Stopping...
  Stopping...

  You can now view your Streamlit app in your browser.

  URL: http://127.0.0.1:61065

  For better performance, install the Watchdog module:

  $ xcode-select --install
  $ pip install watchdog
            
2026-01-20 01:30:08.617 Please replace `use_container_width` with `width`.

`use_container_width` will be removed after 2025-12-31.

For `use_container_width=True`, use `width='stretch'`. For `use_container_width=False`, use `width='content'`.
2026-01-20 01:30:09.364 Please replace `use_container_width` with `width`.

`use_container_width` will be removed after 2025-12-31.

For `use_container_width=True`, use `width='stretch'`. For `use_container_width=False`, use `width='content'`.
2026-01-20 01:30:09.399 Please replace `use_container_width` with `width`.

`use_container_width` will be removed after 2025-12-31.

For `use_container_width=True`, use `width='stretch'`. For `use_container_width=False`, use `width='content'`.

  You can now view your Streamlit app in your browser.

  URL: http://127.0.0.1:62354

  For better performance, install the Watchdog module:

  $ xcode-select --install
  $ pip install watchdog
            
2026-01-20 01:32:11.700 Please replace `use_container_width` with `width`.

`use_container_width` will be removed after 2025-12-31.

For `use_container_width=True`, use `width='stretch'`. For `use_container_width=False`, use `width='content'`.
2026-01-20 01:32:12.198 Please replace `use_container_width` with `width`.

`use_container_width` will be removed after 2025-12-31.

For `use_container_width=True`, use `width='stretch'`. For `use_container_width=False`, use `width='content'`.
2026-01-20 01:32:12.246 Please replace `use_container_width` with `width`.

`use_container_width` will be removed after 2025-12-31.

For `use_container_width=True`, use `width='stretch'`. For `use_container_width=False`, use `width='content'`.
  Stopping...
  Stopping...

  You can now view your Streamlit app in your browser.

  URL: http://127.0.0.1:64221

  For better performance, install the Watchdog module:

  $ xcode-select --install
  $ pip install watchdog
            
2026-01-20 01:35:14.852 Please replace `use_container_width` with `width`.

`use_container_width` will be removed after 2025-12-31.

For `use_container_width=True`, use `width='stretch'`. For `use_container_width=False`, use `width='content'`.
2026-01-20 01:35:15.408 Please replace `use_container_width` with `width`.

`use_container_width` will be removed after 2025-12-31.

For `use_container_width=True`, use `width='stretch'`. For `use_container_width=False`, use `width='content'`.
2026-01-20 01:35:15.439 Please replace `use_container_width` with `width`.

`use_container_width` will be removed after 2025-12-31.

For `use_container_width=True`, use `width='stretch'`. For `use_container_width=False`, use `width='content'`.
  Stopping...
  Stopping...
  Stopping...
  Stopping...

  You can now view your Streamlit app in your browser.

  URL: http://127.0.0.1:64424

  For better performance, install the Watchdog module:

  $ xcode-select --install
  $ pip install watchdog
            
2026-01-20 02:29:29.234 Please replace `use_container_width` with `width`.

`use_container_width` will be removed after 2025-12-31.

For `use_container_width=True`, use `width='stretch'`. For `use_container_width=False`, use `width='content'`.
2026-01-20 02:29:30.647 Please replace `use_container_width` with `width`.

`use_container_width` will be removed after 2025-12-31.

For `use_container_width=True`, use `width='stretch'`. For `use_container_width=False`, use `width='content'`.
2026-01-20 02:29:30.688 Please replace `use_container_width` with `width`.

`use_container_width` will be removed after 2025-12-31.

For `use_container_width=True`, use `width='stretch'`. For `use_container_width=False`, use `width='content'`.
2026-01-20 02:29:30.693 Please replace `use_container_width` with `width`.

`use_container_width` will be removed after 2025-12-31.

For `use_container_width=True`, use `width='stretch'`. For `use_container_width=False`, use `width='content'`.
  Stopping...
  Stopping...

  You can now view your Streamlit app in your browser.

  URL: http://127.0.0.1:49701

  For better performance, install the Watchdog module:

  $ xcode-select --install
  $ pip install watchdog
            
2026-01-20 02:32:11.834 Please replace `use_container_width` with `width`.

`use_container_width` will be removed after 2025-12-31.

For `use_container_width=True`, use `width='stretch'`. For `use_container_width=False`, use `width='content'`.
2026-01-20 02:32:12.607 Please replace `use_container_width` with `width`.

`use_container_width` will be removed after 2025-12-31.

For `use_container_width=True`, use `width='stretch'`. For `use_container_width=False`, use `width='content'`.
2026-01-20 02:32:12.630 Please replace `use_container_width` with `width`.

`use_container_width` will be removed after 2025-12-31.

For `use_container_width=True`, use `width='stretch'`. For `use_container_width=False`, use `width='content'`.
2026-01-20 02:32:12.633 Please replace `use_container_width` with `width`.

`use_container_width` will be removed after 2025-12-31.

For `use_container_width=True`, use `width='stretch'`. For `use_container_width=False`, use `width='content'`.
  Stopping...
  Stopping...
